
Showing logs for build [32mcb-kubecd-environment-pr-187-12-bvpk5-1[0m stage [32mfrom-build-pack[0m and container [32mstep-credential-initializer-hntwx[0m
{"level":"warn","ts":1584986074.0406404,"logger":"fallback-logger","caller":"logging/config.go:69","msg":"Fetch GitHub commit ID from kodata failed: \"ref: refs/heads/0.8.0-**-support-backwards-incompats\" is not a valid GitHub commit ID"}
{"level":"info","ts":1584986074.0409224,"logger":"fallback-logger","caller":"creds-init/main.go:40","msg":"Credentials initialized."}

Showing logs for build [32mcb-kubecd-environment-pr-187-12-bvpk5-1[0m stage [32mfrom-build-pack[0m and container [32mstep-working-dir-initializer-4qjzx[0m
{"level":"warn","ts":1584986075.1513991,"logger":"fallback-logger","caller":"logging/config.go:69","msg":"Fetch GitHub commit ID from kodata failed: open /var/run/ko/HEAD: no such file or directory"}
{"level":"info","ts":1584986075.1522572,"logger":"fallback-logger","caller":"bash/main.go:64","msg":"Successfully executed command \"sh -c mkdir -p /workspace/source\"; output "}

Showing logs for build [32mcb-kubecd-environment-pr-187-12-bvpk5-1[0m stage [32mfrom-build-pack[0m and container [32mstep-place-tools[0m

Showing logs for build [32mcb-kubecd-environment-pr-187-12-bvpk5-1[0m stage [32mfrom-build-pack[0m and container [32mstep-git-source-cb-kubecd-environment-pr-187-12-bvpk5-lrqx6[0m
{"level":"warn","ts":1584986078.2391317,"logger":"fallback-logger","caller":"logging/config.go:69","msg":"Fetch GitHub commit ID from kodata failed: \"ref: refs/heads/0.8.0-**-support-backwards-incompats\" is not a valid GitHub commit ID"}
{"level":"info","ts":1584986078.48498,"logger":"fallback-logger","caller":"git/git.go:103","msg":"Successfully cloned https://github.com/cb-kubecd/environment-pr-187-127-boot-eks-staging.git @ master in path /workspace/source"}

Showing logs for build [32mcb-kubecd-environment-pr-187-12-bvpk5-1[0m stage [32mfrom-build-pack[0m and container [32mstep-git-merge[0m
Using SHAs from PULL_REFS=master:e6761f8cfe4642426ef312ec8d2f7125b76e303e,3:8ba72a7dd8ca432d2507dc2a0bef725f8e8b8e28
DEBUG: LC_ALL=C JX_LOG_LEVEL=error git fetch origin --unshallow 8ba72a7dd8ca432d2507dc2a0bef725f8e8b8e28: e6761f8cfe4642426ef312ec8d2f7125b76e303e:
DEBUG: ran git fetch --unshallow origin 8ba72a7dd8ca432d2507dc2a0bef725f8e8b8e28: e6761f8cfe4642426ef312ec8d2f7125b76e303e: in 
DEBUG: JX_LOG_LEVEL=error LC_ALL=C git branch
DEBUG: LC_ALL=C JX_LOG_LEVEL=error git checkout master
DEBUG: ran git checkout master in 
DEBUG: JX_LOG_LEVEL=error LC_ALL=C git reset --hard e6761f8cfe4642426ef312ec8d2f7125b76e303e
DEBUG: ran git reset --hard e6761f8cfe4642426ef312ec8d2f7125b76e303e in 
DEBUG: LC_ALL=C JX_LOG_LEVEL=error git clean -fd .
DEBUG: ran clean --force -d . in 
DEBUG: LC_ALL=C JX_LOG_LEVEL=error git merge 8ba72a7dd8ca432d2507dc2a0bef725f8e8b8e28
DEBUG: ran git merge 8ba72a7dd8ca432d2507dc2a0bef725f8e8b8e28 in 
DEBUG: LC_ALL=C JX_LOG_LEVEL=error git log --format=%H%x1f%an%x1f%ae%x1f%cn%x1f%ce%x1f%s%n%b%x1e e6761f8cfe4642426ef312ec8d2f7125b76e303e..HEAD
Merged SHA 8ba72a7dd8ca432d2507dc2a0bef725f8e8b8e28 with commit message 'chore: Promote bdd-nh-1584983403 to version 0.0.1' into base branch master

Showing logs for build [32mcb-kubecd-environment-pr-187-12-bvpk5-1[0m stage [32mfrom-build-pack[0m and container [32mstep-build-helm-build[0m
WARNING: No $CHART_REPOSITORY defined so using the default value of: http://jenkins-x-chartmuseum:8080
Adding missing Helm repo: storage.googleapis.com https://storage.googleapis.com/chartmuseum.jenkins-x.io
WARNING: No secrets found on "helm/repos" due: reading the secret "helm/repos" from vault: no secret "helm/repos" not found in vault
Read credentials for https://storage.googleapis.com/chartmuseum.jenkins-x.io from vault helm/repos
Successfully added Helm repository storage.googleapis.com.
Adding missing Helm repo: jenkins-x-chartmuseum http://jenkins-x-chartmuseum:8080
WARNING: No secrets found on "helm/repos" due: reading the secret "helm/repos" from vault: no secret "helm/repos" not found in vault
Read credentials for http://jenkins-x-chartmuseum:8080 from vault helm/repos
Successfully added Helm repository jenkins-x-chartmuseum.
WARNING: No $CHART_REPOSITORY defined so using the default value of: http://jenkins-x-chartmuseum:8080
Adding missing Helm repo: chartmuseum.jenkins-x.io http://chartmuseum.jenkins-x.io
WARNING: No secrets found on "helm/repos" due: reading the secret "helm/repos" from vault: no secret "helm/repos" not found in vault
Read credentials for http://chartmuseum.jenkins-x.io from vault helm/repos
Successfully added Helm repository chartmuseum.jenkins-x.io.
